<?xml version="1.0" encoding="UTF-8"?>
<coverage generated="1770978268194" clover="3.2.0">
  <project timestamp="1770978268194" name="All files">
    <metrics statements="40" coveredstatements="40" conditionals="35" coveredconditionals="35" methods="5" coveredmethods="5" elements="80" coveredelements="80" complexity="0" loc="40" ncloc="40" packages="1" files="2" classes="2"/>
    <file name="module.js" path="/Users/axel/Documents/Lab/Study/Mastere/tests/module.js">
      <metrics statements="18" coveredstatements="18" conditionals="19" coveredconditionals="19" methods="1" coveredmethods="1"/>
      <line num="7" count="14" type="cond" truecount="2" falsecount="0"/>
      <line num="8" count="1" type="stmt"/>
      <line num="10" count="13" type="cond" truecount="4" falsecount="0"/>
      <line num="11" count="3" type="stmt"/>
      <line num="14" count="10" type="cond" truecount="2" falsecount="0"/>
      <line num="15" count="1" type="stmt"/>
      <line num="18" count="9" type="cond" truecount="2" falsecount="0"/>
      <line num="19" count="4" type="stmt"/>
      <line num="22" count="5" type="cond" truecount="2" falsecount="0"/>
      <line num="23" count="1" type="stmt"/>
      <line num="26" count="4" type="stmt"/>
      <line num="27" count="4" type="stmt"/>
      <line num="28" count="4" type="stmt"/>
      <line num="29" count="4" type="cond" truecount="5" falsecount="0"/>
      <line num="30" count="2" type="stmt"/>
      <line num="33" count="4" type="cond" truecount="2" falsecount="0"/>
      <line num="34" count="1" type="stmt"/>
      <line num="37" count="3" type="stmt"/>
    </file>
    <file name="validator.js" path="/Users/axel/Documents/Lab/Study/Mastere/tests/validator.js">
      <metrics statements="22" coveredstatements="22" conditionals="16" coveredconditionals="16" methods="4" coveredmethods="4"/>
      <line num="7" count="7" type="cond" truecount="2" falsecount="0"/>
      <line num="8" count="2" type="stmt"/>
      <line num="10" count="5" type="cond" truecount="2" falsecount="0"/>
      <line num="11" count="4" type="stmt"/>
      <line num="14" count="1" type="stmt"/>
      <line num="23" count="7" type="cond" truecount="2" falsecount="0"/>
      <line num="24" count="2" type="stmt"/>
      <line num="27" count="5" type="stmt"/>
      <line num="29" count="5" type="cond" truecount="2" falsecount="0"/>
      <line num="30" count="4" type="stmt"/>
      <line num="33" count="1" type="stmt"/>
      <line num="45" count="21" type="cond" truecount="2" falsecount="0"/>
      <line num="46" count="2" type="stmt"/>
      <line num="49" count="19" type="cond" truecount="2" falsecount="0"/>
      <line num="50" count="2" type="stmt"/>
      <line num="54" count="17" type="stmt"/>
      <line num="56" count="17" type="cond" truecount="4" falsecount="0"/>
      <line num="57" count="2" type="stmt"/>
      <line num="60" count="15" type="stmt"/>
      <line num="63" count="12" type="stmt"/>
      <line num="64" count="9" type="stmt"/>
      <line num="66" count="6" type="stmt"/>
    </file>
  </project>
</coverage>
