{"/Users/axel/Documents/Lab/Study/Mastere/tests/my-app/src/module.js": {"path":"/Users/axel/Documents/Lab/Study/Mastere/tests/my-app/src/module.js","statementMap":{"0":{"start":{"line":7,"column":4},"end":{"line":9,"column":5}},"1":{"start":{"line":8,"column":8},"end":{"line":8,"column":43}},"2":{"start":{"line":10,"column":4},"end":{"line":12,"column":5}},"3":{"start":{"line":11,"column":8},"end":{"line":11,"column":53}},"4":{"start":{"line":14,"column":4},"end":{"line":16,"column":5}},"5":{"start":{"line":15,"column":8},"end":{"line":15,"column":66}},"6":{"start":{"line":18,"column":4},"end":{"line":20,"column":5}},"7":{"start":{"line":19,"column":8},"end":{"line":19,"column":48}},"8":{"start":{"line":22,"column":4},"end":{"line":24,"column":5}},"9":{"start":{"line":23,"column":8},"end":{"line":23,"column":57}},"10":{"start":{"line":26,"column":18},"end":{"line":26,"column":28}},"11":{"start":{"line":27,"column":14},"end":{"line":27,"column":57}},"12":{"start":{"line":28,"column":14},"end":{"line":28,"column":51}},"13":{"start":{"line":29,"column":4},"end":{"line":31,"column":5}},"14":{"start":{"line":30,"column":8},"end":{"line":30,"column":14}},"15":{"start":{"line":33,"column":4},"end":{"line":35,"column":5}},"16":{"start":{"line":34,"column":8},"end":{"line":34,"column":64}},"17":{"start":{"line":37,"column":4},"end":{"line":37,"column":15}}},"fnMap":{"0":{"name":"calculateAge","decl":{"start":{"line":6,"column":9},"end":{"line":6,"column":21}},"loc":{"start":{"line":6,"column":25},"end":{"line":38,"column":1}},"line":6}},"branchMap":{"0":{"loc":{"start":{"line":7,"column":4},"end":{"line":9,"column":5}},"type":"if","locations":[{"start":{"line":7,"column":4},"end":{"line":9,"column":5}},{"start":{},"end":{}}],"line":7},"1":{"loc":{"start":{"line":10,"column":4},"end":{"line":12,"column":5}},"type":"if","locations":[{"start":{"line":10,"column":4},"end":{"line":12,"column":5}},{"start":{},"end":{}}],"line":10},"2":{"loc":{"start":{"line":10,"column":8},"end":{"line":10,"column":49}},"type":"binary-expr","locations":[{"start":{"line":10,"column":8},"end":{"line":10,"column":29}},{"start":{"line":10,"column":33},"end":{"line":10,"column":49}}],"line":10},"3":{"loc":{"start":{"line":14,"column":4},"end":{"line":16,"column":5}},"type":"if","locations":[{"start":{"line":14,"column":4},"end":{"line":16,"column":5}},{"start":{},"end":{}}],"line":14},"4":{"loc":{"start":{"line":18,"column":4},"end":{"line":20,"column":5}},"type":"if","locations":[{"start":{"line":18,"column":4},"end":{"line":20,"column":5}},{"start":{},"end":{}}],"line":18},"5":{"loc":{"start":{"line":22,"column":4},"end":{"line":24,"column":5}},"type":"if","locations":[{"start":{"line":22,"column":4},"end":{"line":24,"column":5}},{"start":{},"end":{}}],"line":22},"6":{"loc":{"start":{"line":29,"column":4},"end":{"line":31,"column":5}},"type":"if","locations":[{"start":{"line":29,"column":4},"end":{"line":31,"column":5}},{"start":{},"end":{}}],"line":29},"7":{"loc":{"start":{"line":29,"column":8},"end":{"line":29,"column":65}},"type":"binary-expr","locations":[{"start":{"line":29,"column":8},"end":{"line":29,"column":13}},{"start":{"line":29,"column":18},"end":{"line":29,"column":25}},{"start":{"line":29,"column":29},"end":{"line":29,"column":64}}],"line":29},"8":{"loc":{"start":{"line":33,"column":4},"end":{"line":35,"column":5}},"type":"if","locations":[{"start":{"line":33,"column":4},"end":{"line":35,"column":5}},{"start":{},"end":{}}],"line":33}},"s":{"0":17,"1":1,"2":16,"3":3,"4":13,"5":1,"6":12,"7":4,"8":8,"9":1,"10":7,"11":7,"12":7,"13":7,"14":2,"15":7,"16":2,"17":5},"f":{"0":17},"b":{"0":[1,16],"1":[3,13],"2":[16,14],"3":[1,12],"4":[4,8],"5":[1,7],"6":[2,5],"7":[7,6,5],"8":[2,5]},"_coverageSchema":"1a1c01bbd47fc00a2c39e90264f33305004495a9","hash":"f00f76bfb5ec5c654c84ce2ab261ab324573e056"}
,"/Users/axel/Documents/Lab/Study/Mastere/tests/my-app/src/validator.js": {"path":"/Users/axel/Documents/Lab/Study/Mastere/tests/my-app/src/validator.js","statementMap":{"0":{"start":{"line":7,"column":4},"end":{"line":9,"column":5}},"1":{"start":{"line":8,"column":8},"end":{"line":8,"column":53}},"2":{"start":{"line":10,"column":4},"end":{"line":12,"column":5}},"3":{"start":{"line":11,"column":8},"end":{"line":11,"column":70}},"4":{"start":{"line":14,"column":4},"end":{"line":14,"column":16}},"5":{"start":{"line":23,"column":4},"end":{"line":25,"column":5}},"6":{"start":{"line":24,"column":8},"end":{"line":24,"column":50}},"7":{"start":{"line":27,"column":23},"end":{"line":27,"column":51}},"8":{"start":{"line":29,"column":4},"end":{"line":31,"column":5}},"9":{"start":{"line":30,"column":8},"end":{"line":30,"column":63}},"10":{"start":{"line":33,"column":4},"end":{"line":33,"column":16}},"11":{"start":{"line":45,"column":8},"end":{"line":47,"column":9}},"12":{"start":{"line":46,"column":12},"end":{"line":46,"column":61}},"13":{"start":{"line":49,"column":8},"end":{"line":51,"column":9}},"14":{"start":{"line":50,"column":12},"end":{"line":50,"column":74}},"15":{"start":{"line":54,"column":22},"end":{"line":54,"column":49}},"16":{"start":{"line":56,"column":8},"end":{"line":58,"column":9}},"17":{"start":{"line":57,"column":12},"end":{"line":57,"column":98}},"18":{"start":{"line":60,"column":8},"end":{"line":60,"column":20}},"19":{"start":{"line":63,"column":4},"end":{"line":63,"column":40}},"20":{"start":{"line":64,"column":4},"end":{"line":64,"column":42}},"21":{"start":{"line":66,"column":4},"end":{"line":66,"column":16}}},"fnMap":{"0":{"name":"validatePostCode","decl":{"start":{"line":6,"column":9},"end":{"line":6,"column":25}},"loc":{"start":{"line":6,"column":32},"end":{"line":15,"column":1}},"line":6},"1":{"name":"validateEmail","decl":{"start":{"line":22,"column":9},"end":{"line":22,"column":22}},"loc":{"start":{"line":22,"column":30},"end":{"line":34,"column":1}},"line":22},"2":{"name":"validateIdentity","decl":{"start":{"line":42,"column":9},"end":{"line":42,"column":25}},"loc":{"start":{"line":42,"column":47},"end":{"line":67,"column":1}},"line":42},"3":{"name":"validateField","decl":{"start":{"line":44,"column":13},"end":{"line":44,"column":26}},"loc":{"start":{"line":44,"column":45},"end":{"line":61,"column":5}},"line":44}},"branchMap":{"0":{"loc":{"start":{"line":7,"column":4},"end":{"line":9,"column":5}},"type":"if","locations":[{"start":{"line":7,"column":4},"end":{"line":9,"column":5}},{"start":{},"end":{}}],"line":7},"1":{"loc":{"start":{"line":10,"column":4},"end":{"line":12,"column":5}},"type":"if","locations":[{"start":{"line":10,"column":4},"end":{"line":12,"column":5}},{"start":{},"end":{}}],"line":10},"2":{"loc":{"start":{"line":23,"column":4},"end":{"line":25,"column":5}},"type":"if","locations":[{"start":{"line":23,"column":4},"end":{"line":25,"column":5}},{"start":{},"end":{}}],"line":23},"3":{"loc":{"start":{"line":29,"column":4},"end":{"line":31,"column":5}},"type":"if","locations":[{"start":{"line":29,"column":4},"end":{"line":31,"column":5}},{"start":{},"end":{}}],"line":29},"4":{"loc":{"start":{"line":45,"column":8},"end":{"line":47,"column":9}},"type":"if","locations":[{"start":{"line":45,"column":8},"end":{"line":47,"column":9}},{"start":{},"end":{}}],"line":45},"5":{"loc":{"start":{"line":49,"column":8},"end":{"line":51,"column":9}},"type":"if","locations":[{"start":{"line":49,"column":8},"end":{"line":51,"column":9}},{"start":{},"end":{}}],"line":49},"6":{"loc":{"start":{"line":56,"column":8},"end":{"line":58,"column":9}},"type":"if","locations":[{"start":{"line":56,"column":8},"end":{"line":58,"column":9}},{"start":{},"end":{}}],"line":56},"7":{"loc":{"start":{"line":56,"column":12},"end":{"line":56,"column":53}},"type":"binary-expr","locations":[{"start":{"line":56,"column":12},"end":{"line":56,"column":30}},{"start":{"line":56,"column":34},"end":{"line":56,"column":53}}],"line":56}},"s":{"0":10,"1":2,"2":8,"3":6,"4":2,"5":10,"6":2,"7":8,"8":8,"9":6,"10":2,"11":25,"12":2,"13":23,"14":2,"15":21,"16":21,"17":4,"18":17,"19":15,"20":10,"21":7},"f":{"0":10,"1":10,"2":15,"3":25},"b":{"0":[2,8],"1":[6,2],"2":[2,8],"3":[6,2],"4":[2,23],"5":[2,21],"6":[4,17],"7":[21,17]},"_coverageSchema":"1a1c01bbd47fc00a2c39e90264f33305004495a9","hash":"9e84721767becb0cbce0e7d2265619fcf2bbc092"}
,"/Users/axel/Documents/Lab/Study/Mastere/tests/my-app/src/components/RegistrationForm.jsx": {"path":"/Users/axel/Documents/Lab/Study/Mastere/tests/my-app/src/components/RegistrationForm.jsx","statementMap":{"0":{"start":{"line":7,"column":28},"end":{"line":14,"column":6}},"1":{"start":{"line":16,"column":32},"end":{"line":16,"column":44}},"2":{"start":{"line":18,"column":34},"end":{"line":18,"column":46}},"3":{"start":{"line":19,"column":34},"end":{"line":19,"column":49}},"4":{"start":{"line":27,"column":26},"end":{"line":57,"column":5}},"5":{"start":{"line":28,"column":28},"end":{"line":28,"column":59}},"6":{"start":{"line":30,"column":8},"end":{"line":56,"column":9}},"7":{"start":{"line":31,"column":12},"end":{"line":50,"column":13}},"8":{"start":{"line":34,"column":20},"end":{"line":37,"column":22}},"9":{"start":{"line":38,"column":20},"end":{"line":38,"column":26}},"10":{"start":{"line":40,"column":20},"end":{"line":40,"column":41}},"11":{"start":{"line":41,"column":20},"end":{"line":41,"column":26}},"12":{"start":{"line":43,"column":20},"end":{"line":43,"column":44}},"13":{"start":{"line":44,"column":20},"end":{"line":44,"column":26}},"14":{"start":{"line":46,"column":20},"end":{"line":46,"column":59}},"15":{"start":{"line":47,"column":20},"end":{"line":47,"column":26}},"16":{"start":{"line":49,"column":20},"end":{"line":49,"column":26}},"17":{"start":{"line":52,"column":12},"end":{"line":52,"column":81}},"18":{"start":{"line":52,"column":39},"end":{"line":52,"column":78}},"19":{"start":{"line":55,"column":12},"end":{"line":55,"column":83}},"20":{"start":{"line":55,"column":39},"end":{"line":55,"column":80}},"21":{"start":{"line":63,"column":25},"end":{"line":70,"column":5}},"22":{"start":{"line":64,"column":30},"end":{"line":64,"column":38}},"23":{"start":{"line":65,"column":8},"end":{"line":65,"column":42}},"24":{"start":{"line":67,"column":8},"end":{"line":69,"column":9}},"25":{"start":{"line":68,"column":12},"end":{"line":68,"column":39}},"26":{"start":{"line":76,"column":23},"end":{"line":80,"column":5}},"27":{"start":{"line":77,"column":30},"end":{"line":77,"column":38}},"28":{"start":{"line":78,"column":8},"end":{"line":78,"column":47}},"29":{"start":{"line":79,"column":8},"end":{"line":79,"column":35}},"30":{"start":{"line":91,"column":8},"end":{"line":92,"column":50}},"31":{"start":{"line":91,"column":43},"end":{"line":91,"column":45}},"32":{"start":{"line":92,"column":41},"end":{"line":92,"column":49}},"33":{"start":{"line":99,"column":25},"end":{"line":156,"column":5}},"34":{"start":{"line":100,"column":8},"end":{"line":100,"column":27}},"35":{"start":{"line":102,"column":26},"end":{"line":102,"column":28}},"36":{"start":{"line":104,"column":8},"end":{"line":109,"column":9}},"37":{"start":{"line":105,"column":12},"end":{"line":105,"column":60}},"38":{"start":{"line":107,"column":12},"end":{"line":107,"column":46}},"39":{"start":{"line":108,"column":12},"end":{"line":108,"column":45}},"40":{"start":{"line":111,"column":8},"end":{"line":115,"column":9}},"41":{"start":{"line":112,"column":12},"end":{"line":112,"column":38}},"42":{"start":{"line":114,"column":12},"end":{"line":114,"column":42}},"43":{"start":{"line":117,"column":8},"end":{"line":121,"column":9}},"44":{"start":{"line":118,"column":12},"end":{"line":118,"column":46}},"45":{"start":{"line":120,"column":12},"end":{"line":120,"column":47}},"46":{"start":{"line":123,"column":8},"end":{"line":127,"column":9}},"47":{"start":{"line":124,"column":12},"end":{"line":124,"column":58}},"48":{"start":{"line":126,"column":12},"end":{"line":126,"column":42}},"49":{"start":{"line":130,"column":8},"end":{"line":137,"column":11}},"50":{"start":{"line":139,"column":8},"end":{"line":139,"column":29}},"51":{"start":{"line":141,"column":8},"end":{"line":141,"column":54}},"52":{"start":{"line":141,"column":47},"end":{"line":141,"column":54}},"53":{"start":{"line":143,"column":8},"end":{"line":143,"column":59}},"54":{"start":{"line":144,"column":8},"end":{"line":144,"column":25}},"55":{"start":{"line":146,"column":8},"end":{"line":153,"column":11}},"56":{"start":{"line":155,"column":8},"end":{"line":155,"column":23}},"57":{"start":{"line":158,"column":4},"end":{"line":208,"column":6}},"58":{"start":{"line":165,"column":16},"end":{"line":187,"column":22}}},"fnMap":{"0":{"name":"RegistrationForm","decl":{"start":{"line":6,"column":9},"end":{"line":6,"column":25}},"loc":{"start":{"line":6,"column":28},"end":{"line":209,"column":1}},"line":6},"1":{"name":"(anonymous_1)","decl":{"start":{"line":27,"column":26},"end":{"line":27,"column":27}},"loc":{"start":{"line":27,"column":48},"end":{"line":57,"column":5}},"line":27},"2":{"name":"(anonymous_2)","decl":{"start":{"line":52,"column":22},"end":{"line":52,"column":23}},"loc":{"start":{"line":52,"column":39},"end":{"line":52,"column":78}},"line":52},"3":{"name":"(anonymous_3)","decl":{"start":{"line":55,"column":22},"end":{"line":55,"column":23}},"loc":{"start":{"line":55,"column":39},"end":{"line":55,"column":80}},"line":55},"4":{"name":"(anonymous_4)","decl":{"start":{"line":63,"column":25},"end":{"line":63,"column":26}},"loc":{"start":{"line":63,"column":32},"end":{"line":70,"column":5}},"line":63},"5":{"name":"(anonymous_5)","decl":{"start":{"line":76,"column":23},"end":{"line":76,"column":24}},"loc":{"start":{"line":76,"column":30},"end":{"line":80,"column":5}},"line":76},"6":{"name":"(anonymous_6)","decl":{"start":{"line":91,"column":36},"end":{"line":91,"column":37}},"loc":{"start":{"line":91,"column":43},"end":{"line":91,"column":45}},"line":91},"7":{"name":"(anonymous_7)","decl":{"start":{"line":92,"column":34},"end":{"line":92,"column":35}},"loc":{"start":{"line":92,"column":41},"end":{"line":92,"column":49}},"line":92},"8":{"name":"(anonymous_8)","decl":{"start":{"line":99,"column":25},"end":{"line":99,"column":26}},"loc":{"start":{"line":99,"column":32},"end":{"line":156,"column":5}},"line":99},"9":{"name":"(anonymous_9)","decl":{"start":{"line":164,"column":83},"end":{"line":164,"column":84}},"loc":{"start":{"line":165,"column":16},"end":{"line":187,"column":22}},"line":165}},"branchMap":{"0":{"loc":{"start":{"line":31,"column":12},"end":{"line":50,"column":13}},"type":"switch","locations":[{"start":{"line":32,"column":16},"end":{"line":32,"column":32}},{"start":{"line":33,"column":16},"end":{"line":38,"column":26}},{"start":{"line":39,"column":16},"end":{"line":41,"column":26}},{"start":{"line":42,"column":16},"end":{"line":44,"column":26}},{"start":{"line":45,"column":16},"end":{"line":47,"column":26}},{"start":{"line":48,"column":16},"end":{"line":49,"column":26}}],"line":31},"1":{"loc":{"start":{"line":67,"column":8},"end":{"line":69,"column":9}},"type":"if","locations":[{"start":{"line":67,"column":8},"end":{"line":69,"column":9}},{"start":{},"end":{}}],"line":67},"2":{"loc":{"start":{"line":91,"column":8},"end":{"line":92,"column":50}},"type":"binary-expr","locations":[{"start":{"line":91,"column":8},"end":{"line":91,"column":46}},{"start":{"line":92,"column":8},"end":{"line":92,"column":50}}],"line":91},"3":{"loc":{"start":{"line":141,"column":8},"end":{"line":141,"column":54}},"type":"if","locations":[{"start":{"line":141,"column":8},"end":{"line":141,"column":54}},{"start":{},"end":{}}],"line":141},"4":{"loc":{"start":{"line":168,"column":30},"end":{"line":168,"column":65}},"type":"cond-expr","locations":[{"start":{"line":168,"column":50},"end":{"line":168,"column":56}},{"start":{"line":168,"column":59},"end":{"line":168,"column":65}}],"line":168},"5":{"loc":{"start":{"line":170,"column":28},"end":{"line":172,"column":80}},"type":"cond-expr","locations":[{"start":{"line":171,"column":34},"end":{"line":171,"column":47}},{"start":{"line":172,"column":34},"end":{"line":172,"column":80}}],"line":170},"6":{"loc":{"start":{"line":177,"column":37},"end":{"line":177,"column":76}},"type":"cond-expr","locations":[{"start":{"line":177,"column":57},"end":{"line":177,"column":64}},{"start":{"line":177,"column":67},"end":{"line":177,"column":76}}],"line":177},"7":{"loc":{"start":{"line":179,"column":28},"end":{"line":179,"column":80}},"type":"cond-expr","locations":[{"start":{"line":179,"column":44},"end":{"line":179,"column":60}},{"start":{"line":179,"column":63},"end":{"line":179,"column":80}}],"line":179},"8":{"loc":{"start":{"line":182,"column":21},"end":{"line":186,"column":21}},"type":"binary-expr","locations":[{"start":{"line":182,"column":21},"end":{"line":182,"column":34}},{"start":{"line":183,"column":24},"end":{"line":185,"column":28}}],"line":182},"9":{"loc":{"start":{"line":194,"column":20},"end":{"line":196,"column":72}},"type":"cond-expr","locations":[{"start":{"line":195,"column":26},"end":{"line":195,"column":50}},{"start":{"line":196,"column":26},"end":{"line":196,"column":72}}],"line":194},"10":{"loc":{"start":{"line":202,"column":13},"end":{"line":206,"column":13}},"type":"binary-expr","locations":[{"start":{"line":202,"column":13},"end":{"line":202,"column":20}},{"start":{"line":203,"column":16},"end":{"line":205,"column":22}}],"line":202}},"s":{"0":29,"1":29,"2":29,"3":29,"4":29,"5":5,"6":5,"7":5,"8":1,"9":0,"10":1,"11":0,"12":1,"13":0,"14":1,"15":0,"16":1,"17":1,"18":1,"19":4,"20":4,"21":29,"22":16,"23":16,"24":16,"25":0,"26":29,"27":5,"28":5,"29":5,"30":29,"31":10,"32":51,"33":29,"34":2,"35":2,"36":2,"37":2,"38":1,"39":1,"40":2,"41":2,"42":1,"43":2,"44":2,"45":1,"46":2,"47":2,"48":0,"49":2,"50":2,"51":2,"52":1,"53":1,"54":1,"55":1,"56":1,"57":29,"58":174},"f":{"0":29,"1":5,"2":1,"3":4,"4":16,"5":5,"6":10,"7":51,"8":2,"9":174},"b":{"0":[0,1,1,1,1,1],"1":[0,16],"2":[29,19],"3":[1,1],"4":[29,145],"5":[29,145],"6":[29,145],"7":[28,146],"8":[174,28],"9":[2,27],"10":[29,1]},"_coverageSchema":"1a1c01bbd47fc00a2c39e90264f33305004495a9","hash":"bd58e2bc20ccf36feeefdb6cf11f89a233ad888b"}
}
