{"/Users/axel/Documents/Lab/Study/Mastere/tests/module.js": {"path":"/Users/axel/Documents/Lab/Study/Mastere/tests/module.js","statementMap":{"0":{"start":{"line":7,"column":4},"end":{"line":9,"column":5}},"1":{"start":{"line":8,"column":8},"end":{"line":8,"column":43}},"2":{"start":{"line":10,"column":4},"end":{"line":12,"column":5}},"3":{"start":{"line":11,"column":8},"end":{"line":11,"column":53}},"4":{"start":{"line":14,"column":4},"end":{"line":16,"column":5}},"5":{"start":{"line":15,"column":8},"end":{"line":15,"column":66}},"6":{"start":{"line":18,"column":4},"end":{"line":20,"column":5}},"7":{"start":{"line":19,"column":8},"end":{"line":19,"column":48}},"8":{"start":{"line":22,"column":4},"end":{"line":24,"column":5}},"9":{"start":{"line":23,"column":8},"end":{"line":23,"column":57}},"10":{"start":{"line":26,"column":18},"end":{"line":26,"column":28}},"11":{"start":{"line":27,"column":14},"end":{"line":27,"column":57}},"12":{"start":{"line":28,"column":14},"end":{"line":28,"column":51}},"13":{"start":{"line":29,"column":4},"end":{"line":31,"column":5}},"14":{"start":{"line":30,"column":8},"end":{"line":30,"column":14}},"15":{"start":{"line":33,"column":4},"end":{"line":35,"column":5}},"16":{"start":{"line":34,"column":8},"end":{"line":34,"column":64}},"17":{"start":{"line":37,"column":4},"end":{"line":37,"column":15}}},"fnMap":{"0":{"name":"calculateAge","decl":{"start":{"line":6,"column":9},"end":{"line":6,"column":21}},"loc":{"start":{"line":6,"column":25},"end":{"line":38,"column":1}},"line":6}},"branchMap":{"0":{"loc":{"start":{"line":7,"column":4},"end":{"line":9,"column":5}},"type":"if","locations":[{"start":{"line":7,"column":4},"end":{"line":9,"column":5}},{"start":{},"end":{}}],"line":7},"1":{"loc":{"start":{"line":10,"column":4},"end":{"line":12,"column":5}},"type":"if","locations":[{"start":{"line":10,"column":4},"end":{"line":12,"column":5}},{"start":{},"end":{}}],"line":10},"2":{"loc":{"start":{"line":10,"column":8},"end":{"line":10,"column":49}},"type":"binary-expr","locations":[{"start":{"line":10,"column":8},"end":{"line":10,"column":29}},{"start":{"line":10,"column":33},"end":{"line":10,"column":49}}],"line":10},"3":{"loc":{"start":{"line":14,"column":4},"end":{"line":16,"column":5}},"type":"if","locations":[{"start":{"line":14,"column":4},"end":{"line":16,"column":5}},{"start":{},"end":{}}],"line":14},"4":{"loc":{"start":{"line":18,"column":4},"end":{"line":20,"column":5}},"type":"if","locations":[{"start":{"line":18,"column":4},"end":{"line":20,"column":5}},{"start":{},"end":{}}],"line":18},"5":{"loc":{"start":{"line":22,"column":4},"end":{"line":24,"column":5}},"type":"if","locations":[{"start":{"line":22,"column":4},"end":{"line":24,"column":5}},{"start":{},"end":{}}],"line":22},"6":{"loc":{"start":{"line":29,"column":4},"end":{"line":31,"column":5}},"type":"if","locations":[{"start":{"line":29,"column":4},"end":{"line":31,"column":5}},{"start":{},"end":{}}],"line":29},"7":{"loc":{"start":{"line":29,"column":8},"end":{"line":29,"column":65}},"type":"binary-expr","locations":[{"start":{"line":29,"column":8},"end":{"line":29,"column":13}},{"start":{"line":29,"column":18},"end":{"line":29,"column":25}},{"start":{"line":29,"column":29},"end":{"line":29,"column":64}}],"line":29},"8":{"loc":{"start":{"line":33,"column":4},"end":{"line":35,"column":5}},"type":"if","locations":[{"start":{"line":33,"column":4},"end":{"line":35,"column":5}},{"start":{},"end":{}}],"line":33}},"s":{"0":14,"1":1,"2":13,"3":3,"4":10,"5":1,"6":9,"7":4,"8":5,"9":1,"10":4,"11":4,"12":4,"13":4,"14":2,"15":4,"16":1,"17":3},"f":{"0":14},"b":{"0":[1,13],"1":[3,10],"2":[13,11],"3":[1,9],"4":[4,5],"5":[1,4],"6":[2,2],"7":[4,3,3],"8":[1,3]},"_coverageSchema":"1a1c01bbd47fc00a2c39e90264f33305004495a9","hash":"ee5a2f45b62dce28daf829da11bfca6d568d56b4"}
,"/Users/axel/Documents/Lab/Study/Mastere/tests/validator.js": {"path":"/Users/axel/Documents/Lab/Study/Mastere/tests/validator.js","statementMap":{"0":{"start":{"line":7,"column":4},"end":{"line":9,"column":5}},"1":{"start":{"line":8,"column":8},"end":{"line":8,"column":53}},"2":{"start":{"line":10,"column":4},"end":{"line":12,"column":5}},"3":{"start":{"line":11,"column":8},"end":{"line":11,"column":70}},"4":{"start":{"line":14,"column":4},"end":{"line":14,"column":16}},"5":{"start":{"line":23,"column":4},"end":{"line":25,"column":5}},"6":{"start":{"line":24,"column":8},"end":{"line":24,"column":50}},"7":{"start":{"line":27,"column":23},"end":{"line":27,"column":51}},"8":{"start":{"line":29,"column":4},"end":{"line":31,"column":5}},"9":{"start":{"line":30,"column":8},"end":{"line":30,"column":63}},"10":{"start":{"line":33,"column":4},"end":{"line":33,"column":16}},"11":{"start":{"line":45,"column":8},"end":{"line":47,"column":9}},"12":{"start":{"line":46,"column":12},"end":{"line":46,"column":61}},"13":{"start":{"line":49,"column":8},"end":{"line":51,"column":9}},"14":{"start":{"line":50,"column":12},"end":{"line":50,"column":74}},"15":{"start":{"line":54,"column":22},"end":{"line":54,"column":49}},"16":{"start":{"line":56,"column":8},"end":{"line":58,"column":9}},"17":{"start":{"line":57,"column":12},"end":{"line":57,"column":98}},"18":{"start":{"line":60,"column":8},"end":{"line":60,"column":20}},"19":{"start":{"line":63,"column":4},"end":{"line":63,"column":40}},"20":{"start":{"line":64,"column":4},"end":{"line":64,"column":42}},"21":{"start":{"line":66,"column":4},"end":{"line":66,"column":16}}},"fnMap":{"0":{"name":"validatePostCode","decl":{"start":{"line":6,"column":9},"end":{"line":6,"column":25}},"loc":{"start":{"line":6,"column":32},"end":{"line":15,"column":1}},"line":6},"1":{"name":"validateEmail","decl":{"start":{"line":22,"column":9},"end":{"line":22,"column":22}},"loc":{"start":{"line":22,"column":30},"end":{"line":34,"column":1}},"line":22},"2":{"name":"validateIdentity","decl":{"start":{"line":42,"column":9},"end":{"line":42,"column":25}},"loc":{"start":{"line":42,"column":47},"end":{"line":67,"column":1}},"line":42},"3":{"name":"validateField","decl":{"start":{"line":44,"column":13},"end":{"line":44,"column":26}},"loc":{"start":{"line":44,"column":45},"end":{"line":61,"column":5}},"line":44}},"branchMap":{"0":{"loc":{"start":{"line":7,"column":4},"end":{"line":9,"column":5}},"type":"if","locations":[{"start":{"line":7,"column":4},"end":{"line":9,"column":5}},{"start":{},"end":{}}],"line":7},"1":{"loc":{"start":{"line":10,"column":4},"end":{"line":12,"column":5}},"type":"if","locations":[{"start":{"line":10,"column":4},"end":{"line":12,"column":5}},{"start":{},"end":{}}],"line":10},"2":{"loc":{"start":{"line":23,"column":4},"end":{"line":25,"column":5}},"type":"if","locations":[{"start":{"line":23,"column":4},"end":{"line":25,"column":5}},{"start":{},"end":{}}],"line":23},"3":{"loc":{"start":{"line":29,"column":4},"end":{"line":31,"column":5}},"type":"if","locations":[{"start":{"line":29,"column":4},"end":{"line":31,"column":5}},{"start":{},"end":{}}],"line":29},"4":{"loc":{"start":{"line":45,"column":8},"end":{"line":47,"column":9}},"type":"if","locations":[{"start":{"line":45,"column":8},"end":{"line":47,"column":9}},{"start":{},"end":{}}],"line":45},"5":{"loc":{"start":{"line":49,"column":8},"end":{"line":51,"column":9}},"type":"if","locations":[{"start":{"line":49,"column":8},"end":{"line":51,"column":9}},{"start":{},"end":{}}],"line":49},"6":{"loc":{"start":{"line":56,"column":8},"end":{"line":58,"column":9}},"type":"if","locations":[{"start":{"line":56,"column":8},"end":{"line":58,"column":9}},{"start":{},"end":{}}],"line":56},"7":{"loc":{"start":{"line":56,"column":12},"end":{"line":56,"column":53}},"type":"binary-expr","locations":[{"start":{"line":56,"column":12},"end":{"line":56,"column":30}},{"start":{"line":56,"column":34},"end":{"line":56,"column":53}}],"line":56}},"s":{"0":7,"1":2,"2":5,"3":4,"4":1,"5":7,"6":2,"7":5,"8":5,"9":4,"10":1,"11":21,"12":2,"13":19,"14":2,"15":17,"16":17,"17":2,"18":15,"19":12,"20":9,"21":6},"f":{"0":7,"1":7,"2":12,"3":21},"b":{"0":[2,5],"1":[4,1],"2":[2,5],"3":[4,1],"4":[2,19],"5":[2,17],"6":[2,15],"7":[17,15]},"_coverageSchema":"1a1c01bbd47fc00a2c39e90264f33305004495a9","hash":"f8203a1408b36d091b54e0de77ee38027a03e25a"}
}
