TN:
SF:my-app/src/module.js
FN:6,calculateAge
FNF:1
FNH:1
FNDA:17,calculateAge
DA:7,17
DA:8,1
DA:10,16
DA:11,3
DA:14,13
DA:15,1
DA:18,12
DA:19,4
DA:22,8
DA:23,1
DA:26,7
DA:27,7
DA:28,7
DA:29,7
DA:30,2
DA:33,7
DA:34,2
DA:37,5
LF:18
LH:18
BRDA:7,0,0,1
BRDA:7,0,1,16
BRDA:10,1,0,3
BRDA:10,1,1,13
BRDA:10,2,0,16
BRDA:10,2,1,14
BRDA:14,3,0,1
BRDA:14,3,1,12
BRDA:18,4,0,4
BRDA:18,4,1,8
BRDA:22,5,0,1
BRDA:22,5,1,7
BRDA:29,6,0,2
BRDA:29,6,1,5
BRDA:29,7,0,7
BRDA:29,7,1,6
BRDA:29,7,2,5
BRDA:33,8,0,2
BRDA:33,8,1,5
BRF:19
BRH:19
end_of_record
TN:
SF:my-app/src/validator.js
FN:6,validatePostCode
FN:22,validateEmail
FN:42,validateIdentity
FN:44,validateField
FNF:4
FNH:4
FNDA:10,validatePostCode
FNDA:10,validateEmail
FNDA:15,validateIdentity
FNDA:25,validateField
DA:7,10
DA:8,2
DA:10,8
DA:11,6
DA:14,2
DA:23,10
DA:24,2
DA:27,8
DA:29,8
DA:30,6
DA:33,2
DA:45,25
DA:46,2
DA:49,23
DA:50,2
DA:54,21
DA:56,21
DA:57,4
DA:60,17
DA:63,15
DA:64,10
DA:66,7
LF:22
LH:22
BRDA:7,0,0,2
BRDA:7,0,1,8
BRDA:10,1,0,6
BRDA:10,1,1,2
BRDA:23,2,0,2
BRDA:23,2,1,8
BRDA:29,3,0,6
BRDA:29,3,1,2
BRDA:45,4,0,2
BRDA:45,4,1,23
BRDA:49,5,0,2
BRDA:49,5,1,21
BRDA:56,6,0,4
BRDA:56,6,1,17
BRDA:56,7,0,21
BRDA:56,7,1,17
BRF:16
BRH:16
end_of_record
TN:
SF:my-app/src/components/RegistrationForm.jsx
FN:6,RegistrationForm
FN:27,(anonymous_1)
FN:52,(anonymous_2)
FN:55,(anonymous_3)
FN:63,(anonymous_4)
FN:76,(anonymous_5)
FN:91,(anonymous_6)
FN:92,(anonymous_7)
FN:99,(anonymous_8)
FN:164,(anonymous_9)
FNF:10
FNH:10
FNDA:29,RegistrationForm
FNDA:5,(anonymous_1)
FNDA:1,(anonymous_2)
FNDA:4,(anonymous_3)
FNDA:16,(anonymous_4)
FNDA:5,(anonymous_5)
FNDA:10,(anonymous_6)
FNDA:51,(anonymous_7)
FNDA:2,(anonymous_8)
FNDA:174,(anonymous_9)
DA:7,29
DA:16,29
DA:18,29
DA:19,29
DA:27,29
DA:28,5
DA:30,5
DA:31,5
DA:34,1
DA:38,0
DA:40,1
DA:41,0
DA:43,1
DA:44,0
DA:46,1
DA:47,0
DA:49,1
DA:52,1
DA:55,4
DA:63,29
DA:64,16
DA:65,16
DA:67,16
DA:68,0
DA:76,29
DA:77,5
DA:78,5
DA:79,5
DA:91,29
DA:92,51
DA:99,29
DA:100,2
DA:102,2
DA:104,2
DA:105,2
DA:107,1
DA:108,1
DA:111,2
DA:112,2
DA:114,1
DA:117,2
DA:118,2
DA:120,1
DA:123,2
DA:124,2
DA:126,0
DA:130,2
DA:139,2
DA:141,2
DA:143,1
DA:144,1
DA:146,1
DA:155,1
DA:158,29
DA:165,174
LF:55
LH:49
BRDA:31,0,0,0
BRDA:31,0,1,1
BRDA:31,0,2,1
BRDA:31,0,3,1
BRDA:31,0,4,1
BRDA:31,0,5,1
BRDA:67,1,0,0
BRDA:67,1,1,16
BRDA:91,2,0,29
BRDA:91,2,1,19
BRDA:141,3,0,1
BRDA:141,3,1,1
BRDA:168,4,0,29
BRDA:168,4,1,145
BRDA:170,5,0,29
BRDA:170,5,1,145
BRDA:177,6,0,29
BRDA:177,6,1,145
BRDA:179,7,0,28
BRDA:179,7,1,146
BRDA:182,8,0,174
BRDA:182,8,1,28
BRDA:194,9,0,2
BRDA:194,9,1,27
BRDA:202,10,0,29
BRDA:202,10,1,1
BRF:26
BRH:24
end_of_record
