TN:
SF:module.js
FN:6,calculateAge
FNF:1
FNH:1
FNDA:14,calculateAge
DA:7,14
DA:8,1
DA:10,13
DA:11,3
DA:14,10
DA:15,1
DA:18,9
DA:19,4
DA:22,5
DA:23,1
DA:26,4
DA:27,4
DA:28,4
DA:29,4
DA:30,2
DA:33,4
DA:34,1
DA:37,3
LF:18
LH:18
BRDA:7,0,0,1
BRDA:7,0,1,13
BRDA:10,1,0,3
BRDA:10,1,1,10
BRDA:10,2,0,13
BRDA:10,2,1,11
BRDA:14,3,0,1
BRDA:14,3,1,9
BRDA:18,4,0,4
BRDA:18,4,1,5
BRDA:22,5,0,1
BRDA:22,5,1,4
BRDA:29,6,0,2
BRDA:29,6,1,2
BRDA:29,7,0,4
BRDA:29,7,1,3
BRDA:29,7,2,3
BRDA:33,8,0,1
BRDA:33,8,1,3
BRF:19
BRH:19
end_of_record
TN:
SF:validator.js
FN:6,validatePostCode
FN:22,validateEmail
FN:42,validateIdentity
FN:44,validateField
FNF:4
FNH:4
FNDA:7,validatePostCode
FNDA:7,validateEmail
FNDA:12,validateIdentity
FNDA:21,validateField
DA:7,7
DA:8,2
DA:10,5
DA:11,4
DA:14,1
DA:23,7
DA:24,2
DA:27,5
DA:29,5
DA:30,4
DA:33,1
DA:45,21
DA:46,2
DA:49,19
DA:50,2
DA:54,17
DA:56,17
DA:57,2
DA:60,15
DA:63,12
DA:64,9
DA:66,6
LF:22
LH:22
BRDA:7,0,0,2
BRDA:7,0,1,5
BRDA:10,1,0,4
BRDA:10,1,1,1
BRDA:23,2,0,2
BRDA:23,2,1,5
BRDA:29,3,0,4
BRDA:29,3,1,1
BRDA:45,4,0,2
BRDA:45,4,1,19
BRDA:49,5,0,2
BRDA:49,5,1,17
BRDA:56,6,0,2
BRDA:56,6,1,15
BRDA:56,7,0,17
BRDA:56,7,1,15
BRF:16
BRH:16
end_of_record
